<?xml version="1.0" encoding="UTF-8"?>
<robot generator="Robot 6.1 (Python 3.11.3 on win32)" generated="20230629 18:12:27.751" rpa="false" schemaversion="4">
<suite id="s1" name="TestPage" source="C:\forHb\tests\TestPage.robot">
<test id="s1-t1" name="Page elements are visible" line="15">
<kw name="Begin Web Test" library="Common" type="SETUP">
<kw name="Open Browser" library="SeleniumLibrary">
<arg>about:blank</arg>
<arg>${BROWSER}</arg>
<doc>Opens a new browser instance to the optional ``url``.</doc>
<msg timestamp="20230629 18:12:27.895" level="INFO">Opening browser 'chrome' to base url 'about:blank'.</msg>
<msg timestamp="20230629 18:12:27.895" level="INFO">Cannot capture screenshot because no browser is open.</msg>
<msg timestamp="20230629 18:12:27.895" level="FAIL">TypeError: WebDriver.__init__() got an unexpected keyword argument 'service_log_path'</msg>
<status status="FAIL" starttime="20230629 18:12:27.895" endtime="20230629 18:12:27.896"/>
</kw>
<kw name="Go To" library="SeleniumLibrary">
<arg>${START_URL}</arg>
<doc>Navigates the current browser window to the provided ``url``.</doc>
<status status="NOT RUN" starttime="20230629 18:12:27.896" endtime="20230629 18:12:27.896"/>
</kw>
<kw name="Maximize Browser Window" library="SeleniumLibrary">
<doc>Maximizes current browser window.</doc>
<status status="NOT RUN" starttime="20230629 18:12:27.897" endtime="20230629 18:12:27.897"/>
</kw>
<status status="FAIL" starttime="20230629 18:12:27.895" endtime="20230629 18:12:27.897"/>
</kw>
<kw name="End Web Test" library="Common" type="TEARDOWN">
<kw name="Close Browser" library="SeleniumLibrary">
<doc>Closes the current browser.</doc>
<status status="PASS" starttime="20230629 18:12:27.897" endtime="20230629 18:12:27.897"/>
</kw>
<status status="PASS" starttime="20230629 18:12:27.897" endtime="20230629 18:12:27.898"/>
</kw>
<tag>smoke</tag>
<status status="FAIL" starttime="20230629 18:12:27.894" endtime="20230629 18:12:27.898">Setup failed:
TypeError: WebDriver.__init__() got an unexpected keyword argument 'service_log_path'</status>
</test>
<doc>Open the Vala website and verify the logo</doc>
<status status="FAIL" starttime="20230629 18:12:27.755" endtime="20230629 18:12:27.900"/>
</suite>
<statistics>
<total>
<stat pass="0" fail="1" skip="0">All Tests</stat>
</total>
<tag>
<stat pass="0" fail="1" skip="0">smoke</stat>
</tag>
<suite>
<stat pass="0" fail="1" skip="0" id="s1" name="TestPage">TestPage</stat>
</suite>
</statistics>
<errors>
</errors>
</robot>
